\BOOKMARK [1][-]{section.1}{\376\377\137\025\212\000}{}% 1
\BOOKMARK [1][-]{section.2}{\376\377\166\370\121\163\135\345\117\134\116\016\164\006\213\272\127\372\170\100}{}% 2
\BOOKMARK [2][-]{subsection.2.1}{\376\377\162\171\137\201\220\011\142\351\145\271\154\325}{section.2}% 3
\BOOKMARK [3][-]{subsubsection.2.1.1}{\376\377\147\011\166\321\167\143\162\171\137\201\220\011\142\351\145\271\154\325}{subsection.2.1}% 4
\BOOKMARK [3][-]{subsubsection.2.1.2}{\376\377\123\112\166\321\167\143\162\171\137\201\220\011\142\351\145\271\154\325}{subsection.2.1}% 5
\BOOKMARK [3][-]{subsubsection.2.1.3}{\376\377\145\340\166\321\167\143\162\171\137\201\220\011\142\351\145\271\154\325}{subsection.2.1}% 6
\BOOKMARK [2][-]{subsection.2.2}{\376\377\164\006\213\272\127\372\170\100}{section.2}% 7
\BOOKMARK [3][-]{subsubsection.2.2.1}{\376\377\176\277\140\047\126\336\137\122\164\006\213\272}{subsection.2.2}% 8
\BOOKMARK [3][-]{subsubsection.2.2.2}{\376\377\172\000\165\217\133\146\116\140\164\006\213\272}{subsection.2.2}% 9
\BOOKMARK [3][-]{subsubsection.2.2.3}{\376\377\155\101\137\142\133\146\116\140\164\006\213\272}{subsection.2.2}% 10
\BOOKMARK [1][-]{section.3}{\376\377\152\041\127\213\136\372\172\313}{}% 11
\BOOKMARK [2][-]{subsection.3.1}{\376\377\123\237\131\313\225\356\230\230\166\204\142\275\214\141\123\026}{section.3}% 12
\BOOKMARK [2][-]{subsection.3.2}{\376\377\213\357\135\356\230\171}{section.3}% 13
\BOOKMARK [3][-]{subsubsection.3.2.1}{\376\377\127\372\116\216\201\352\210\150\217\276\152\041\127\213\166\204\221\315\147\204\213\357\135\356}{subsection.3.2}% 14
\BOOKMARK [3][-]{subsubsection.3.2.2}{\376\377\000F\000\040\203\003\145\160\116\016\126\152\130\360\136\372\152\041}{subsection.3.2}% 15
\BOOKMARK [3][-]{subsubsection.3.2.3}{\376\377\213\357\135\356\230\171\166\204\167\351\226\065\137\142\137\017}{subsection.3.2}% 16
\BOOKMARK [2][-]{subsection.3.3}{\376\377\172\000\165\217\140\047\176\246\147\137}{section.3}% 17
\BOOKMARK [3][-]{subsubsection.3.3.1}{\376\377\201\352\210\150\217\276\152\041\127\213\116\016\162\171\137\201\220\011\142\351}{subsection.3.3}% 18
\BOOKMARK [3][-]{subsubsection.3.3.2}{\376\377\0002\000,\0001\000\040\203\003\145\160\116\016\210\114\172\000\165\217\140\047}{subsection.3.3}% 19
\BOOKMARK [3][-]{subsubsection.3.3.3}{\376\377\145\160\120\074\172\063\133\232\140\047\131\004\164\006}{subsection.3.3}% 20
\BOOKMARK [2][-]{subsection.3.4}{\376\377\155\101\137\142\176\323\147\204\117\335\143\001\176\246\147\137}{section.3}% 21
\BOOKMARK [3][-]{subsubsection.3.4.1}{\376\377\134\100\220\350\155\101\137\142\176\323\147\204\210\150\171\072}{subsection.3.4}% 22
\BOOKMARK [3][-]{subsubsection.3.4.2}{\376\377\176\323\147\204\117\335\143\001\176\246\147\137\166\204\142\275\214\141\210\150\217\276}{subsection.3.4}% 23
\BOOKMARK [3][-]{subsubsection.3.4.3}{\376\377\176\323\147\204\117\335\143\001\176\246\147\137\166\204\142\311\146\156\142\311\145\257\167\351\226\065\210\150\171\072}{subsection.3.4}% 24
\BOOKMARK [3][-]{subsubsection.3.4.4}{\376\377\176\323\147\204\117\335\143\001\176\246\147\137\166\204\147\000\176\310\137\142\137\017}{subsection.3.4}% 25
\BOOKMARK [2][-]{subsection.3.5}{\376\377\123\302\145\160\166\204\154\102\211\343}{section.3}% 26
\BOOKMARK [3][-]{subsubsection.3.5.1}{\376\377\225\356\230\230\221\315\147\204}{subsection.3.5}% 27
\BOOKMARK [3][-]{subsubsection.3.5.2}{\376\377\116\244\146\377\217\355\116\343\173\227\154\325}{subsection.3.5}% 28
\BOOKMARK [3][-]{subsubsection.3.5.3}{\376\377\152\041\127\213\213\255\176\303\155\101\172\013}{subsection.3.5}% 29
\BOOKMARK [3][-]{subsubsection.3.5.4}{\376\377\145\066\145\133\140\047\122\006\147\220}{subsection.3.5}% 30
\BOOKMARK [3][-]{subsubsection.3.5.5}{\376\377\213\241\173\227\131\015\147\102\136\246\122\006\147\220}{subsection.3.5}% 31
\BOOKMARK [1][-]{section.4}{\376\377\133\236\232\214\213\276\213\241}{}% 32
\BOOKMARK [2][-]{subsection.4.1}{\376\377\145\160\143\156\226\306\147\145\156\220}{section.4}% 33
\BOOKMARK [2][-]{subsection.4.2}{\376\377\133\236\232\214\163\257\130\203}{section.4}% 34
\BOOKMARK [2][-]{subsection.4.3}{\376\377\213\304\116\367\143\007\150\007}{section.4}% 35
\BOOKMARK [3][-]{subsubsection.4.3.1}{\376\377\122\006\174\173\121\306\170\156\163\207\377\010\000A\000c\000c\377\011}{subsection.4.3}% 36
\BOOKMARK [3][-]{subsubsection.4.3.2}{\376\377\137\122\116\000\123\026\116\222\117\341\140\157\377\010\000N\000M\000I\377\011}{subsection.4.3}% 37
\BOOKMARK [1][-]{section.5}{\376\377\133\236\232\214\176\323\147\234\122\006\147\220}{}% 38
\BOOKMARK [1][-]{section.6}{\376\377\176\323\213\272}{}% 39
\BOOKMARK [1][-]{section.7}{\376\377\134\017\176\304\142\020\124\130\122\006\135\345\140\305\121\265}{}% 40
